Using pre-set license
Built from '2020.3/staging' branch; Version is '2020.3.18f1 (a7d1c678663c) revision 10998214'; Using compiler version '192528614'; Build Type 'Release'
OS: 'Windows 10 Home; OS build 19041.1288; Version 2004; 64bit' Language: 'ko' Physical Memory: 16108 MB
BatchMode: 1, IsHumanControllingUs: 0, StartBugReporterOnCrash: 0, Is64bit: 1, IsPro: 0

COMMAND LINE ARGUMENTS:
C:\Program Files\2020.3.18f1\Editor\Unity.exe
-adb2
-batchMode
-noUpm
-name
AssetImportWorker0
-projectPath
C:/Users/ehddn/OneDrive/바탕 화면/개인폴더/Unity/Battle_scene/battle_scene/Battle_scene
-logFile
Logs/AssetImportWorker0.log
-srvPort
60323
Successfully changed project path to: C:/Users/ehddn/OneDrive/바탕 화면/개인폴더/Unity/Battle_scene/battle_scene/Battle_scene
C:/Users/ehddn/OneDrive/바탕 화면/개인폴더/Unity/Battle_scene/battle_scene/Battle_scene
Using Asset Import Pipeline V2.
Refreshing native plugins compatible for Editor in 41.86 ms, found 3 plugins.
Preloading 0 native plugins for Editor in 0.00 ms.
Initialize engine version: 2020.3.18f1 (a7d1c678663c)
[Subsystems] Discovering subsystems at path C:/Program Files/2020.3.18f1/Editor/Data/Resources/UnitySubsystems
[Subsystems] Discovering subsystems at path C:/Users/ehddn/OneDrive/바탕 화면/개인폴더/Unity/Battle_scene/battle_scene/Battle_scene/Assets
GfxDevice: creating device client; threaded=0
Direct3D:
    Version:  Direct3D 11.0 [level 11.1]
    Renderer: Intel(R) Iris(R) Xe Graphics (ID=0x9a49)
    Vendor:   
    VRAM:     8054 MB
    Driver:   27.20.100.8853
Initialize mono
Mono path[0] = 'C:/Program Files/2020.3.18f1/Editor/Data/Managed'
Mono path[1] = 'C:/Program Files/2020.3.18f1/Editor/Data/MonoBleedingEdge/lib/mono/unityjit'
Mono config path = 'C:/Program Files/2020.3.18f1/Editor/Data/MonoBleedingEdge/etc'
Using monoOptions --debugger-agent=transport=dt_socket,embedding=1,server=y,suspend=n,address=127.0.0.1:56648
Begin MonoManager ReloadAssembly
Registering precompiled unity dll's ...
Register platform support module: C:/Program Files/2020.3.18f1/Editor/Data/PlaybackEngines/WindowsStandaloneSupport/UnityEditor.WindowsStandalone.Extensions.dll
Registered in 0.001284 seconds.
Native extension for WindowsStandalone target not found
Refreshing native plugins compatible for Editor in 34.58 ms, found 3 plugins.
Preloading 0 native plugins for Editor in 0.00 ms.
Mono: successfully reloaded assembly
- Completed reload, in  1.364 seconds
Domain Reload Profiling:
	ReloadAssembly (1364ms)
		BeginReloadAssembly (63ms)
			ExecutionOrderSort (0ms)
			DisableScriptedObjects (0ms)
			BackupInstance (0ms)
			ReleaseScriptingObjects (0ms)
			CreateAndSetChildDomain (1ms)
		EndReloadAssembly (326ms)
			LoadAssemblies (60ms)
			RebuildTransferFunctionScriptingTraits (0ms)
			SetupTypeCache (115ms)
			ReleaseScriptCaches (0ms)
			RebuildScriptCaches (24ms)
			SetupLoadedEditorAssemblies (134ms)
				LogAssemblyErrors (0ms)
				InitializePlatformSupportModulesInManaged (3ms)
				SetLoadedEditorAssemblies (0ms)
				RefreshPlugins (35ms)
				BeforeProcessingInitializeOnLoad (14ms)
				ProcessInitializeOnLoadAttributes (62ms)
				ProcessInitializeOnLoadMethodAttributes (20ms)
				AfterProcessingInitializeOnLoad (0ms)
				EditorAssembliesLoaded (0ms)
			ExecutionOrderSort2 (0ms)
			AwakeInstancesAfterBackupRestoration (0ms)
Platform modules already initialized, skipping
Registering precompiled user dll's ...
Registered in 0.002501 seconds.
Begin MonoManager ReloadAssembly
Native extension for WindowsStandalone target not found
Refreshing native plugins compatible for Editor in 36.95 ms, found 3 plugins.
Preloading 0 native plugins for Editor in 0.00 ms.
Mono: successfully reloaded assembly
- Completed reload, in  0.857 seconds
Domain Reload Profiling:
	ReloadAssembly (858ms)
		BeginReloadAssembly (106ms)
			ExecutionOrderSort (0ms)
			DisableScriptedObjects (3ms)
			BackupInstance (0ms)
			ReleaseScriptingObjects (0ms)
			CreateAndSetChildDomain (15ms)
		EndReloadAssembly (701ms)
			LoadAssemblies (67ms)
			RebuildTransferFunctionScriptingTraits (0ms)
			SetupTypeCache (226ms)
			ReleaseScriptCaches (0ms)
			RebuildScriptCaches (39ms)
			SetupLoadedEditorAssemblies (273ms)
				LogAssemblyErrors (0ms)
				InitializePlatformSupportModulesInManaged (3ms)
				SetLoadedEditorAssemblies (0ms)
				RefreshPlugins (37ms)
				BeforeProcessingInitializeOnLoad (63ms)
				ProcessInitializeOnLoadAttributes (154ms)
				ProcessInitializeOnLoadMethodAttributes (11ms)
				AfterProcessingInitializeOnLoad (3ms)
				EditorAssembliesLoaded (0ms)
			ExecutionOrderSort2 (0ms)
			AwakeInstancesAfterBackupRestoration (4ms)
Platform modules already initialized, skipping
========================================================================
Worker process is ready to serve import requests
Launched and connected shader compiler UnityShaderCompiler.exe after 0.04 seconds
Refreshing native plugins compatible for Editor in 0.37 ms, found 3 plugins.
Preloading 0 native plugins for Editor in 0.00 ms.
Unloading 2142 Unused Serialized files (Serialized files now loaded: 0)
System memory in use before: 98.6 MB.
System memory in use after: 98.7 MB.

Unloading 26 unused Assets to reduce memory usage. Loaded Objects now: 2582.
Total: 2.782700 ms (FindLiveObjects: 0.162600 ms CreateObjectMapping: 0.040700 ms MarkObjects: 2.509700 ms  DeleteObjects: 0.069100 ms)

AssetImportParameters requested are different than current active one (requested -> active):
  custom:framework-win-MediaFoundation: 216162199b28c13a410421893ffa2e32 -> 
  custom:video-decoder-ogg-theora: a1e56fd34408186e4bbccfd4996cb3dc -> 
  custom:container-muxer-webm: aa71ff27fc2769a1b78a27578f13a17b -> 
  custom:container-demuxer-webm: 4f35f7cbe854078d1ac9338744f61a02 -> 
  custom:container-demuxer-ogg: 62fdf1f143b41e24485cea50d1cbac27 -> 
  custom:video-encoder-webm-vp8: eb34c28f22e8b96e1ab97ce403110664 -> 
  custom:video-decoder-webm-vp8: 9c59270c3fd7afecdb556c50c9e8de78 -> 
  custom:audio-decoder-ogg-vorbis: bf7c407c2cedff20999df2af8eb42d56 -> 
  custom:audio-encoder-webm-vorbis: bf7c407c2cedff20999df2af8eb42d56 -> 
========================================================================
Received Import Request.
  path: Assets/TopDown 2D RPG BE3/IMG_0406.png
  artifactKey: Guid(99ca5f504396ea242a8d4aa0931bd08f) Importer(815301076,1909f56bfc062723c751e8b465ee728b)
Start importing Assets/TopDown 2D RPG BE3/IMG_0406.png using Guid(99ca5f504396ea242a8d4aa0931bd08f) Importer(815301076,1909f56bfc062723c751e8b465ee728b)  -> (artifact id: '458e885fc694b43081aa51248a81667e') in 0.089512 seconds 
  Import took 0.092311 seconds .

========================================================================
Received Import Request.
  Time since last request: 0.000428 seconds.
  path: Assets/TopDown 2D RPG BE3/Readme.asset
  artifactKey: Guid(4ff280a9fdc784d46beb69b6da783245) Importer(815301076,1909f56bfc062723c751e8b465ee728b)
Start importing Assets/TopDown 2D RPG BE3/Readme.asset using Guid(4ff280a9fdc784d46beb69b6da783245) Importer(815301076,1909f56bfc062723c751e8b465ee728b)  -> (artifact id: 'b59de4685eeb2979ea2a1f367259aaae') in 0.012335 seconds 
  Import took 0.015891 seconds .

========================================================================
Received Import Request.
  Time since last request: 0.000436 seconds.
  path: Assets/TopDown 2D RPG BE3/IMG_0408.png
  artifactKey: Guid(3b3dde3280f0fae438a1d0f44bbda51a) Importer(815301076,1909f56bfc062723c751e8b465ee728b)
Start importing Assets/TopDown 2D RPG BE3/IMG_0408.png using Guid(3b3dde3280f0fae438a1d0f44bbda51a) Importer(815301076,1909f56bfc062723c751e8b465ee728b)  -> (artifact id: '683fdca96c0bdb6de21a1c61961a860f') in 0.021041 seconds 
  Import took 0.024202 seconds .

========================================================================
Received Import Request.
  Time since last request: 0.000195 seconds.
  path: Assets/TopDown 2D RPG BE3/IMG_0407.png
  artifactKey: Guid(a541503918b302645a71d17f83b22032) Importer(815301076,1909f56bfc062723c751e8b465ee728b)
Start importing Assets/TopDown 2D RPG BE3/IMG_0407.png using Guid(a541503918b302645a71d17f83b22032) Importer(815301076,1909f56bfc062723c751e8b465ee728b)  -> (artifact id: '830cbad009e478b3d95dd2bbeb829ef0') in 0.020241 seconds 
  Import took 0.023077 seconds .

========================================================================
Received Import Request.
  Time since last request: 0.000254 seconds.
  path: Assets/TopDown 2D RPG BE3/App Icon.png
  artifactKey: Guid(e15a0aaf619d8aa429bd091186fb29a2) Importer(815301076,1909f56bfc062723c751e8b465ee728b)
Start importing Assets/TopDown 2D RPG BE3/App Icon.png using Guid(e15a0aaf619d8aa429bd091186fb29a2) Importer(815301076,1909f56bfc062723c751e8b465ee728b)  -> (artifact id: 'cb408ffc1b8de8dc4333cd8a722ac94b') in 0.016803 seconds 
  Import took 0.019531 seconds .

========================================================================
Received Import Request.
  Time since last request: 27.559607 seconds.
  path: Assets/TopDown 2D RPG BE3/Demo
  artifactKey: Guid(4ad316026e8893d428d998f0a1c2ad68) Importer(815301076,1909f56bfc062723c751e8b465ee728b)
Start importing Assets/TopDown 2D RPG BE3/Demo using Guid(4ad316026e8893d428d998f0a1c2ad68) Importer(815301076,1909f56bfc062723c751e8b465ee728b)  -> (artifact id: 'fd4583cf528d76983952cc51411e824e') in 0.011630 seconds 
  Import took 0.014702 seconds .

========================================================================
Received Import Request.
  Time since last request: 0.000890 seconds.
  path: Assets/TopDown 2D RPG BE3/Demo
  artifactKey: Guid(4ad316026e8893d428d998f0a1c2ad68) Importer(815301076,1909f56bfc062723c751e8b465ee728b)
Start importing Assets/TopDown 2D RPG BE3/Demo using Guid(4ad316026e8893d428d998f0a1c2ad68) Importer(815301076,1909f56bfc062723c751e8b465ee728b)  -> (artifact id: 'fd4583cf528d76983952cc51411e824e') in 0.003219 seconds 
  Import took 0.006936 seconds .

========================================================================
Received Import Request.
  Time since last request: 1.110241 seconds.
  path: Assets/TopDown 2D RPG BE3/Sprites/house.asset
  artifactKey: Guid(29bd5e83ca8daf9438e415acc245baef) Importer(815301076,1909f56bfc062723c751e8b465ee728b)
Start importing Assets/TopDown 2D RPG BE3/Sprites/house.asset using Guid(29bd5e83ca8daf9438e415acc245baef) Importer(815301076,1909f56bfc062723c751e8b465ee728b)  -> (artifact id: '7c851db30428867ef6c365ee25362907') in 0.039857 seconds 
  Import took 0.043946 seconds .

========================================================================
Received Import Request.
  Time since last request: 0.000374 seconds.
  path: Assets/TopDown 2D RPG BE3/Sprites/Tiles.png
  artifactKey: Guid(dc747d0a3cdf6594f9f275fdd2a48b4b) Importer(815301076,1909f56bfc062723c751e8b465ee728b)
Start importing Assets/TopDown 2D RPG BE3/Sprites/Tiles.png using Guid(dc747d0a3cdf6594f9f275fdd2a48b4b) Importer(815301076,1909f56bfc062723c751e8b465ee728b)  -> (artifact id: '730ac6e73171cafebfa73f3e47e23cde') in 0.060861 seconds 
  Import took 0.064176 seconds .

========================================================================
Received Import Request.
  Time since last request: 0.000183 seconds.
  path: Assets/TopDown 2D RPG BE3/Sprites/NPC.png
  artifactKey: Guid(2f90eb840bd0cf4438d49759bc08d718) Importer(815301076,1909f56bfc062723c751e8b465ee728b)
Start importing Assets/TopDown 2D RPG BE3/Sprites/NPC.png using Guid(2f90eb840bd0cf4438d49759bc08d718) Importer(815301076,1909f56bfc062723c751e8b465ee728b)  -> (artifact id: '4231a3cb9f7a332acb6bbdc498312952') in 0.019874 seconds 
  Import took 0.022728 seconds .

========================================================================
Received Import Request.
  Time since last request: 0.000259 seconds.
  path: Assets/TopDown 2D RPG BE3/Sprites/Objects.png
  artifactKey: Guid(20d6cce5c7ac33b4e97f0f98a09aa347) Importer(815301076,1909f56bfc062723c751e8b465ee728b)
Start importing Assets/TopDown 2D RPG BE3/Sprites/Objects.png using Guid(20d6cce5c7ac33b4e97f0f98a09aa347) Importer(815301076,1909f56bfc062723c751e8b465ee728b)  -> (artifact id: '94c536d36fc198f1c53f14c4b99ede6e') in 0.048428 seconds 
  Import took 0.051219 seconds .

========================================================================
Received Import Request.
  Time since last request: 0.000313 seconds.
  path: Assets/TopDown 2D RPG BE3/Sprites/Player.png
  artifactKey: Guid(23748c298f885bf4c89671f6d30f562b) Importer(815301076,1909f56bfc062723c751e8b465ee728b)
Start importing Assets/TopDown 2D RPG BE3/Sprites/Player.png using Guid(23748c298f885bf4c89671f6d30f562b) Importer(815301076,1909f56bfc062723c751e8b465ee728b)  -> (artifact id: '2289c79f34084c34311b3f8df1de19f1') in 0.040624 seconds 
  Import took 0.043605 seconds .

========================================================================
Received Import Request.
  Time since last request: 0.000230 seconds.
  path: Assets/TopDown 2D RPG BE3/Sprites
  artifactKey: Guid(24208ecbe2041c34db5f5403b9304207) Importer(815301076,1909f56bfc062723c751e8b465ee728b)
Start importing Assets/TopDown 2D RPG BE3/Sprites using Guid(24208ecbe2041c34db5f5403b9304207) Importer(815301076,1909f56bfc062723c751e8b465ee728b)  -> (artifact id: 'bcb799d537c47649714c8f8786e73f7f') in 0.006245 seconds 
  Import took 0.009363 seconds .

========================================================================
Received Import Request.
  Time since last request: 0.000170 seconds.
  path: Assets/TopDown 2D RPG BE3/Sprites/NPC Portrait.png
  artifactKey: Guid(d79edf18a76e2654a9ac99f15de8b2b3) Importer(815301076,1909f56bfc062723c751e8b465ee728b)
Start importing Assets/TopDown 2D RPG BE3/Sprites/NPC Portrait.png using Guid(d79edf18a76e2654a9ac99f15de8b2b3) Importer(815301076,1909f56bfc062723c751e8b465ee728b)  -> (artifact id: '67962111c606429663af966db7c96184') in 0.030083 seconds 
  Import took 0.033340 seconds .

========================================================================
Received Import Request.
  Time since last request: 0.000370 seconds.
  path: Assets/TopDown 2D RPG BE3/Sprites/User Interface.png
  artifactKey: Guid(1c9bc0d104c01934da10d4333b9dc48b) Importer(815301076,1909f56bfc062723c751e8b465ee728b)
Start importing Assets/TopDown 2D RPG BE3/Sprites/User Interface.png using Guid(1c9bc0d104c01934da10d4333b9dc48b) Importer(815301076,1909f56bfc062723c751e8b465ee728b)  -> (artifact id: '7106572395f5471cff4678dcce736ecc') in 0.035720 seconds 
  Import took 0.039075 seconds .

========================================================================
Received Import Request.
  Time since last request: 4.556603 seconds.
  path: Assets/AirIcon.png
  artifactKey: Guid(01e9bad34aa73c84dbf356e2f9392790) Importer(815301076,1909f56bfc062723c751e8b465ee728b)
Start importing Assets/AirIcon.png using Guid(01e9bad34aa73c84dbf356e2f9392790) Importer(815301076,1909f56bfc062723c751e8b465ee728b)  -> (artifact id: 'b02568897a150db32b34e2fdc9816169') in 0.017684 seconds 
  Import took 0.022018 seconds .

========================================================================
Received Import Request.
  Time since last request: 0.000197 seconds.
  path: Assets/IMG_0404.png
  artifactKey: Guid(79a23602265be0544b722c112e69583c) Importer(815301076,1909f56bfc062723c751e8b465ee728b)
Start importing Assets/IMG_0404.png using Guid(79a23602265be0544b722c112e69583c) Importer(815301076,1909f56bfc062723c751e8b465ee728b)  -> (artifact id: 'fbcd540c0e9525f8686f601d67d0ccb3') in 0.018838 seconds 
  Import took 0.022016 seconds .

========================================================================
Received Import Request.
  Time since last request: 0.000262 seconds.
  path: Assets/IMG_0403.png
  artifactKey: Guid(003d84e13aea3204d965aa02000d4d91) Importer(815301076,1909f56bfc062723c751e8b465ee728b)
Start importing Assets/IMG_0403.png using Guid(003d84e13aea3204d965aa02000d4d91) Importer(815301076,1909f56bfc062723c751e8b465ee728b)  -> (artifact id: '0462ddb470f6a6660c62a25b11cf06e5') in 0.021155 seconds 
  Import took 0.023822 seconds .

========================================================================
Received Import Request.
  Time since last request: 0.000215 seconds.
  path: Assets/Water 3.asset
  artifactKey: Guid(c400967e12480a04480f0137976516b8) Importer(815301076,1909f56bfc062723c751e8b465ee728b)
Start importing Assets/Water 3.asset using Guid(c400967e12480a04480f0137976516b8) Importer(815301076,1909f56bfc062723c751e8b465ee728b)  -> (artifact id: '508c9358b246b448a639956f7120c9cf') in 0.013340 seconds 
  Import took 0.016411 seconds .

========================================================================
Received Import Request.
  Time since last request: 0.000249 seconds.
  path: Assets/tile.asset
  artifactKey: Guid(9bc9ec7f87f280743a182af49c9ffa7d) Importer(815301076,1909f56bfc062723c751e8b465ee728b)
Start importing Assets/tile.asset using Guid(9bc9ec7f87f280743a182af49c9ffa7d) Importer(815301076,1909f56bfc062723c751e8b465ee728b)  -> (artifact id: '6b5ff3a73071774f2515816b60d768f6') in 0.013071 seconds 
  Import took 0.015899 seconds .

========================================================================
Received Import Request.
  Time since last request: 0.000251 seconds.
  path: Assets/Water 8.asset
  artifactKey: Guid(4be641ae28113e74b8237ea17648957c) Importer(815301076,1909f56bfc062723c751e8b465ee728b)
Start importing Assets/Water 8.asset using Guid(4be641ae28113e74b8237ea17648957c) Importer(815301076,1909f56bfc062723c751e8b465ee728b)  -> (artifact id: '19e3edd1b66b68b49e37385f47058663') in 0.009027 seconds 
  Import took 0.011779 seconds .

========================================================================
Received Import Request.
  Time since last request: 0.000285 seconds.
  path: Assets/Water 7.asset
  artifactKey: Guid(c64121cc84e3db448980d75030c49549) Importer(815301076,1909f56bfc062723c751e8b465ee728b)
Start importing Assets/Water 7.asset using Guid(c64121cc84e3db448980d75030c49549) Importer(815301076,1909f56bfc062723c751e8b465ee728b)  -> (artifact id: '913f91fa5bbd791dbd12be5bc936d310') in 0.012899 seconds 
  Import took 0.016027 seconds .

========================================================================
Received Import Request.
  Time since last request: 0.000195 seconds.
  path: Assets/Water 5.asset
  artifactKey: Guid(fbdabd33a288bdb49b508569a676e3ca) Importer(815301076,1909f56bfc062723c751e8b465ee728b)
Start importing Assets/Water 5.asset using Guid(fbdabd33a288bdb49b508569a676e3ca) Importer(815301076,1909f56bfc062723c751e8b465ee728b)  -> (artifact id: 'ec6ba078189a02ff0f9e91fbb027f185') in 0.009906 seconds 
  Import took 0.012739 seconds .

========================================================================
Received Import Request.
  Time since last request: 0.000216 seconds.
  path: Assets/Water 4.asset
  artifactKey: Guid(2127ec829c47ab5429a8b9f6c85083fd) Importer(815301076,1909f56bfc062723c751e8b465ee728b)
Start importing Assets/Water 4.asset using Guid(2127ec829c47ab5429a8b9f6c85083fd) Importer(815301076,1909f56bfc062723c751e8b465ee728b)  -> (artifact id: 'a346f2084f55f90804245853b54da596') in 0.011860 seconds 
  Import took 0.014783 seconds .

========================================================================
Received Import Request.
  Time since last request: 0.000230 seconds.
  path: Assets/Water 5.asset
  artifactKey: Guid(fbdabd33a288bdb49b508569a676e3ca) Importer(815301076,1909f56bfc062723c751e8b465ee728b)
Start importing Assets/Water 5.asset using Guid(fbdabd33a288bdb49b508569a676e3ca) Importer(815301076,1909f56bfc062723c751e8b465ee728b)  -> (artifact id: 'ec6ba078189a02ff0f9e91fbb027f185') in 0.007697 seconds 
  Import took 0.010582 seconds .

========================================================================
Received Import Request.
  Time since last request: 0.000205 seconds.
  path: Assets/House A3.asset
  artifactKey: Guid(cf7e6601b88afe94e8a99b4e6949f71f) Importer(815301076,1909f56bfc062723c751e8b465ee728b)
Start importing Assets/House A3.asset using Guid(cf7e6601b88afe94e8a99b4e6949f71f) Importer(815301076,1909f56bfc062723c751e8b465ee728b)  -> (artifact id: '3abd41f05cbb664ec4abbe305afa7a1f') in 0.009790 seconds 
  Import took 0.013082 seconds .

========================================================================
Received Import Request.
  Time since last request: 0.000147 seconds.
  path: Assets/House A2.asset
  artifactKey: Guid(af66302b4e2b347438365f7f84e1f837) Importer(815301076,1909f56bfc062723c751e8b465ee728b)
Start importing Assets/House A2.asset using Guid(af66302b4e2b347438365f7f84e1f837) Importer(815301076,1909f56bfc062723c751e8b465ee728b)  -> (artifact id: '153463922c4b703c92113cf6505d3d14') in 0.009215 seconds 
  Import took 0.011985 seconds .

========================================================================
Received Import Request.
  Time since last request: 0.000150 seconds.
  path: Assets/House A4.asset
  artifactKey: Guid(53ffd9778d5aa86498dcfb5f7add4de3) Importer(815301076,1909f56bfc062723c751e8b465ee728b)
Start importing Assets/House A4.asset using Guid(53ffd9778d5aa86498dcfb5f7add4de3) Importer(815301076,1909f56bfc062723c751e8b465ee728b)  -> (artifact id: '7f590fd5274e7e0aebc1a75fe1cb449e') in 0.009280 seconds 
  Import took 0.012288 seconds .

========================================================================
Received Import Request.
  Time since last request: 0.000156 seconds.
  path: Assets/Rectangular Palette.prefab
  artifactKey: Guid(1827792c49abdb84980b80ada9a9b8ed) Importer(815301076,1909f56bfc062723c751e8b465ee728b)
Start importing Assets/Rectangular Palette.prefab using Guid(1827792c49abdb84980b80ada9a9b8ed) Importer(815301076,1909f56bfc062723c751e8b465ee728b)  -> (artifact id: '76bcff4ed51cf5bafb2c7ed93529e51c') in 0.031149 seconds 
  Import took 0.034087 seconds .

========================================================================
Received Import Request.
  Time since last request: 0.000187 seconds.
  path: Assets/House A1.asset
  artifactKey: Guid(f05a805cb3a3335418f77586d4dc127e) Importer(815301076,1909f56bfc062723c751e8b465ee728b)
Start importing Assets/House A1.asset using Guid(f05a805cb3a3335418f77586d4dc127e) Importer(815301076,1909f56bfc062723c751e8b465ee728b)  -> (artifact id: '61f0b1419146b71a91de76e757263966') in 0.010289 seconds 
  Import took 0.013163 seconds .

========================================================================
Received Import Request.
  Time since last request: 0.000208 seconds.
  path: Assets/tilemap.mat
  artifactKey: Guid(303894f1da79c284dba795e72f4410f2) Importer(815301076,1909f56bfc062723c751e8b465ee728b)
Start importing Assets/tilemap.mat using Guid(303894f1da79c284dba795e72f4410f2) Importer(815301076,1909f56bfc062723c751e8b465ee728b)  -> (artifact id: '878eb0acbba766b5fad3b1bbd418426a') in 0.184488 seconds 
  Import took 0.187378 seconds .

========================================================================
Received Import Request.
  Time since last request: 0.000456 seconds.
  path: Assets/Water 2.asset
  artifactKey: Guid(f724235f481e7b4428b287d4a0ccb881) Importer(815301076,1909f56bfc062723c751e8b465ee728b)
Start importing Assets/Water 2.asset using Guid(f724235f481e7b4428b287d4a0ccb881) Importer(815301076,1909f56bfc062723c751e8b465ee728b)  -> (artifact id: 'dc40d2d7b897261063a53796ae105ca6') in 0.012446 seconds 
  Import took 0.015133 seconds .

========================================================================
Received Import Request.
  Time since last request: 0.000176 seconds.
  path: Assets/Water 6.asset
  artifactKey: Guid(bcb8e4bbe8f5f4242bba82c4f6b93bbf) Importer(815301076,1909f56bfc062723c751e8b465ee728b)
Start importing Assets/Water 6.asset using Guid(bcb8e4bbe8f5f4242bba82c4f6b93bbf) Importer(815301076,1909f56bfc062723c751e8b465ee728b)  -> (artifact id: '473e5219774fc9ecf924434850e7b921') in 0.011148 seconds 
  Import took 0.014789 seconds .

========================================================================
Received Import Request.
  Time since last request: 0.000230 seconds.
  path: Assets/house_tile.asset
  artifactKey: Guid(8e2fb57837c565a44aea4d3824f83d96) Importer(815301076,1909f56bfc062723c751e8b465ee728b)
Start importing Assets/house_tile.asset using Guid(8e2fb57837c565a44aea4d3824f83d96) Importer(815301076,1909f56bfc062723c751e8b465ee728b)  -> (artifact id: '172fa20a0af0b96966ccb905405dbb81') in 0.011908 seconds 
  Import took 0.015238 seconds .

========================================================================
Received Import Request.
  Time since last request: 0.000191 seconds.
  path: Assets/Water 1.asset
  artifactKey: Guid(9242005633859974f8c54728fd917c03) Importer(815301076,1909f56bfc062723c751e8b465ee728b)
Start importing Assets/Water 1.asset using Guid(9242005633859974f8c54728fd917c03) Importer(815301076,1909f56bfc062723c751e8b465ee728b)  -> (artifact id: 'f1cf667f8010326b2ed2ddb6c7b3571f') in 0.010873 seconds 
  Import took 0.013809 seconds .

========================================================================
Received Import Request.
  Time since last request: 0.000128 seconds.
  path: Assets/Water.asset
  artifactKey: Guid(8aa3ad1fcc5650b44b36bbd779710117) Importer(815301076,1909f56bfc062723c751e8b465ee728b)
Start importing Assets/Water.asset using Guid(8aa3ad1fcc5650b44b36bbd779710117) Importer(815301076,1909f56bfc062723c751e8b465ee728b)  -> (artifact id: '7d29cf431a2d28e443002a5f07b4457b') in 0.010334 seconds 
  Import took 0.013779 seconds .

========================================================================
Received Import Request.
  Time since last request: 0.000189 seconds.
  path: Assets/brainIcon.png
  artifactKey: Guid(07234d2b6c5ddcc4b9b3ee396f94cff3) Importer(815301076,1909f56bfc062723c751e8b465ee728b)
Start importing Assets/brainIcon.png using Guid(07234d2b6c5ddcc4b9b3ee396f94cff3) Importer(815301076,1909f56bfc062723c751e8b465ee728b)  -> (artifact id: '8a04a41fb31c945b2700d0f0c77541c2') in 0.014635 seconds 
  Import took 0.017503 seconds .

========================================================================
Received Import Request.
  Time since last request: 0.000169 seconds.
  path: Assets/HeartIcon.jpg
  artifactKey: Guid(a80909d21297ed04686c23fae536ee56) Importer(815301076,1909f56bfc062723c751e8b465ee728b)
Start importing Assets/HeartIcon.jpg using Guid(a80909d21297ed04686c23fae536ee56) Importer(815301076,1909f56bfc062723c751e8b465ee728b)  -> (artifact id: '5177476bcd59a2ca054dee25dd86269a') in 0.017669 seconds 
  Import took 0.020618 seconds .

========================================================================
Received Import Request.
  Time since last request: 0.000195 seconds.
  path: Assets/brainIcon.png
  artifactKey: Guid(07234d2b6c5ddcc4b9b3ee396f94cff3) Importer(815301076,1909f56bfc062723c751e8b465ee728b)
Start importing Assets/brainIcon.png using Guid(07234d2b6c5ddcc4b9b3ee396f94cff3) Importer(815301076,1909f56bfc062723c751e8b465ee728b)  -> (artifact id: '8a04a41fb31c945b2700d0f0c77541c2') in 0.015062 seconds 
  Import took 0.017808 seconds .

========================================================================
Received Import Request.
  Time since last request: 0.000243 seconds.
  path: Assets/IMG_0379.png
  artifactKey: Guid(3770f7480477d904b9d31b6c9f98b358) Importer(815301076,1909f56bfc062723c751e8b465ee728b)
Start importing Assets/IMG_0379.png using Guid(3770f7480477d904b9d31b6c9f98b358) Importer(815301076,1909f56bfc062723c751e8b465ee728b)  -> (artifact id: '2e4284304c594a0f7503192922cc2871') in 0.018407 seconds 
  Import took 0.021116 seconds .

========================================================================
Received Import Request.
  Time since last request: 0.000191 seconds.
  path: Assets/Flower.asset
  artifactKey: Guid(1a6da8d34862f9c449760bbc6f2da822) Importer(815301076,1909f56bfc062723c751e8b465ee728b)
Start importing Assets/Flower.asset using Guid(1a6da8d34862f9c449760bbc6f2da822) Importer(815301076,1909f56bfc062723c751e8b465ee728b)  -> (artifact id: 'f461fa5c59a973f2da0080f62707213f') in 0.009869 seconds 
  Import took 0.012922 seconds .

========================================================================
Received Import Request.
  Time since last request: 0.000162 seconds.
  path: Assets/House A0.asset
  artifactKey: Guid(19bdf1b765b8af14e827cfc7a5a87623) Importer(815301076,1909f56bfc062723c751e8b465ee728b)
Start importing Assets/House A0.asset using Guid(19bdf1b765b8af14e827cfc7a5a87623) Importer(815301076,1909f56bfc062723c751e8b465ee728b)  -> (artifact id: '651f0ad097251acad0398c0269446cf7') in 0.010065 seconds 
  Import took 0.013468 seconds .

========================================================================
Received Import Request.
  Time since last request: 0.000186 seconds.
  path: Assets/House A5.asset
  artifactKey: Guid(64dac3d24ea76d045a36026baa887e41) Importer(815301076,1909f56bfc062723c751e8b465ee728b)
Start importing Assets/House A5.asset using Guid(64dac3d24ea76d045a36026baa887e41) Importer(815301076,1909f56bfc062723c751e8b465ee728b)  -> (artifact id: 'e105db18c6e3b06249e8ed08d2985789') in 0.009090 seconds 
  Import took 0.011995 seconds .

========================================================================
Received Import Request.
  Time since last request: 6.615918 seconds.
  path: Assets/Scenes
  artifactKey: Guid(12b39208e99a91544b8357d7eb78fa25) Importer(815301076,1909f56bfc062723c751e8b465ee728b)
Start importing Assets/Scenes using Guid(12b39208e99a91544b8357d7eb78fa25) Importer(815301076,1909f56bfc062723c751e8b465ee728b)  -> (artifact id: 'e63b8e4e413bc68d1ea9e3da04127121') in 0.008553 seconds 
  Import took 0.012065 seconds .

========================================================================
Received Import Request.
  Time since last request: 1.741939 seconds.
  path: Assets/Scenes/Map.unity
  artifactKey: Guid(f00eeef1c4918e849bb184b4aad8ea87) Importer(815301076,1909f56bfc062723c751e8b465ee728b)
Start importing Assets/Scenes/Map.unity using Guid(f00eeef1c4918e849bb184b4aad8ea87) Importer(815301076,1909f56bfc062723c751e8b465ee728b)  -> (artifact id: '6a74f22803839e22f216be11ff0250fc') in 0.008048 seconds 
  Import took 0.014028 seconds .

========================================================================
Received Import Request.
  Time since last request: 0.009332 seconds.
  path: Assets/Scenes/Map.unity
  artifactKey: Guid(f00eeef1c4918e849bb184b4aad8ea87) Importer(815301076,1909f56bfc062723c751e8b465ee728b)
Start importing Assets/Scenes/Map.unity using Guid(f00eeef1c4918e849bb184b4aad8ea87) Importer(815301076,1909f56bfc062723c751e8b465ee728b)  -> (artifact id: '6a74f22803839e22f216be11ff0250fc') in 0.002373 seconds 
  Import took 0.005302 seconds .

========================================================================
Received Prepare
Registering precompiled user dll's ...
Registered in 0.002893 seconds.
Begin MonoManager ReloadAssembly
Native extension for WindowsStandalone target not found
Refreshing native plugins compatible for Editor in 0.39 ms, found 3 plugins.
Preloading 0 native plugins for Editor in 0.00 ms.
Mono: successfully reloaded assembly
- Completed reload, in  0.726 seconds
Domain Reload Profiling:
	ReloadAssembly (726ms)
		BeginReloadAssembly (77ms)
			ExecutionOrderSort (0ms)
			DisableScriptedObjects (4ms)
			BackupInstance (0ms)
			ReleaseScriptingObjects (0ms)
			CreateAndSetChildDomain (26ms)
		EndReloadAssembly (603ms)
			LoadAssemblies (59ms)
			RebuildTransferFunctionScriptingTraits (0ms)
			SetupTypeCache (205ms)
			ReleaseScriptCaches (1ms)
			RebuildScriptCaches (31ms)
			SetupLoadedEditorAssemblies (224ms)
				LogAssemblyErrors (0ms)
				InitializePlatformSupportModulesInManaged (4ms)
				SetLoadedEditorAssemblies (0ms)
				RefreshPlugins (0ms)
				BeforeProcessingInitializeOnLoad (62ms)
				ProcessInitializeOnLoadAttributes (146ms)
				ProcessInitializeOnLoadMethodAttributes (7ms)
				AfterProcessingInitializeOnLoad (5ms)
				EditorAssembliesLoaded (0ms)
			ExecutionOrderSort2 (0ms)
			AwakeInstancesAfterBackupRestoration (9ms)
Platform modules already initialized, skipping
Refreshing native plugins compatible for Editor in 0.36 ms, found 3 plugins.
Preloading 0 native plugins for Editor in 0.00 ms.
Unloading 2131 Unused Serialized files (Serialized files now loaded: 0)
System memory in use before: 101.3 MB.
System memory in use after: 101.4 MB.

Unloading 14 unused Assets to reduce memory usage. Loaded Objects now: 2647.
Total: 2.279000 ms (FindLiveObjects: 0.120600 ms CreateObjectMapping: 0.032400 ms MarkObjects: 2.109900 ms  DeleteObjects: 0.015400 ms)

AssetImportParameters requested are different than current active one (requested -> active):
  custom:framework-win-MediaFoundation: 216162199b28c13a410421893ffa2e32 -> 
  custom:video-decoder-ogg-theora: a1e56fd34408186e4bbccfd4996cb3dc -> 
  custom:container-muxer-webm: aa71ff27fc2769a1b78a27578f13a17b -> 
  custom:container-demuxer-webm: 4f35f7cbe854078d1ac9338744f61a02 -> 
  custom:container-demuxer-ogg: 62fdf1f143b41e24485cea50d1cbac27 -> 
  custom:video-encoder-webm-vp8: eb34c28f22e8b96e1ab97ce403110664 -> 
  custom:video-decoder-webm-vp8: 9c59270c3fd7afecdb556c50c9e8de78 -> 
  custom:audio-decoder-ogg-vorbis: bf7c407c2cedff20999df2af8eb42d56 -> 
  custom:audio-encoder-webm-vorbis: bf7c407c2cedff20999df2af8eb42d56 -> 
AssetImportWorkerClient::OnTransportError - code=2 error=End of file
